29-Nov-2024 00:43:54.992 INFO [http-nio-8080-exec-90] org.apache.catalina.startup.HostConfig.undeploy Undeploying context [/ProjetoSenac]
29-Nov-2024 00:43:56.225 INFO [http-nio-8080-exec-84] org.apache.catalina.startup.HostConfig.deployDescriptor Deploying deployment descriptor [C:\Users\rafae\OneDrive\Área de Trabalho\Projeto Web Senac\API\apache-tomcat-10.1.33-windows-x64\apache-tomcat-10.1.33\conf\Catalina\localhost\ProjetoSenac.xml]
29-Nov-2024 00:43:56.227 WARNING [http-nio-8080-exec-84] org.apache.catalina.startup.HostConfig.deployDescriptor The path attribute with value [/ProjetoSenac] in deployment descriptor [C:\Users\rafae\OneDrive\Área de Trabalho\Projeto Web Senac\API\apache-tomcat-10.1.33-windows-x64\apache-tomcat-10.1.33\conf\Catalina\localhost\ProjetoSenac.xml] has been ignored
29-Nov-2024 00:43:56.280 INFO [http-nio-8080-exec-84] org.apache.catalina.startup.HostConfig.deployDescriptor Deployment of deployment descriptor [C:\Users\rafae\OneDrive\Área de Trabalho\Projeto Web Senac\API\apache-tomcat-10.1.33-windows-x64\apache-tomcat-10.1.33\conf\Catalina\localhost\ProjetoSenac.xml] has finished in [55] ms
29-Nov-2024 00:43:56.287 INFO [http-nio-8080-exec-91] org.apache.catalina.util.LifecycleBase.start The start() method was called on component [StandardEngine[Catalina].StandardHost[localhost].StandardContext[/ProjetoSenac]] after start() had already been called. The second call will be ignored.
29-Nov-2024 00:47:00.101 INFO [main] org.apache.catalina.core.StandardServer.await A valid shutdown command was received via the shutdown port. Stopping the Server instance.
29-Nov-2024 00:47:00.102 INFO [main] org.apache.coyote.AbstractProtocol.pause Pausing ProtocolHandler ["http-nio-8080"]
29-Nov-2024 00:47:00.106 INFO [main] org.apache.catalina.core.StandardService.stopInternal Stopping service [Catalina]
29-Nov-2024 00:47:00.120 INFO [main] org.apache.coyote.AbstractProtocol.stop Stopping ProtocolHandler ["http-nio-8080"]
29-Nov-2024 00:47:00.148 INFO [main] org.apache.coyote.AbstractProtocol.destroy Destroying ProtocolHandler ["http-nio-8080"]
29-Nov-2024 08:47:26.998 INFO [main] org.apache.catalina.startup.VersionLoggerListener.log Server version name:   Apache Tomcat/10.1.33
29-Nov-2024 08:47:27.004 INFO [main] org.apache.catalina.startup.VersionLoggerListener.log Server built:          Nov 7 2024 22:28:55 UTC
29-Nov-2024 08:47:27.005 INFO [main] org.apache.catalina.startup.VersionLoggerListener.log Server version number: 10.1.33.0
29-Nov-2024 08:47:27.005 INFO [main] org.apache.catalina.startup.VersionLoggerListener.log OS Name:               Windows 11
29-Nov-2024 08:47:27.005 INFO [main] org.apache.catalina.startup.VersionLoggerListener.log OS Version:            10.0
29-Nov-2024 08:47:27.005 INFO [main] org.apache.catalina.startup.VersionLoggerListener.log Architecture:          amd64
29-Nov-2024 08:47:27.005 INFO [main] org.apache.catalina.startup.VersionLoggerListener.log Java Home:             C:\Program Files\Java\jdk-22
29-Nov-2024 08:47:27.005 INFO [main] org.apache.catalina.startup.VersionLoggerListener.log JVM Version:           22.0.1+8-16
29-Nov-2024 08:47:27.005 INFO [main] org.apache.catalina.startup.VersionLoggerListener.log JVM Vendor:            Oracle Corporation
29-Nov-2024 08:47:27.005 INFO [main] org.apache.catalina.startup.VersionLoggerListener.log CATALINA_BASE:         C:\Users\rafae\OneDrive\Área de Trabalho\Projeto Web Senac\API\apache-tomcat-10.1.33-windows-x64\apache-tomcat-10.1.33
29-Nov-2024 08:47:27.005 INFO [main] org.apache.catalina.startup.VersionLoggerListener.log CATALINA_HOME:         C:\Users\rafae\OneDrive\Área de Trabalho\Projeto Web Senac\API\apache-tomcat-10.1.33-windows-x64\apache-tomcat-10.1.33
29-Nov-2024 08:47:27.015 INFO [main] org.apache.catalina.startup.VersionLoggerListener.log Command line argument: -Djava.util.logging.config.file=C:\Users\rafae\OneDrive\Área de Trabalho\Projeto Web Senac\API\apache-tomcat-10.1.33-windows-x64\apache-tomcat-10.1.33\conf\logging.properties
29-Nov-2024 08:47:27.015 INFO [main] org.apache.catalina.startup.VersionLoggerListener.log Command line argument: -Djava.util.logging.manager=org.apache.juli.ClassLoaderLogManager
29-Nov-2024 08:47:27.015 INFO [main] org.apache.catalina.startup.VersionLoggerListener.log Command line argument: -Djdk.tls.ephemeralDHKeySize=2048
29-Nov-2024 08:47:27.016 INFO [main] org.apache.catalina.startup.VersionLoggerListener.log Command line argument: -Djava.protocol.handler.pkgs=org.apache.catalina.webresources
29-Nov-2024 08:47:27.017 INFO [main] org.apache.catalina.startup.VersionLoggerListener.log Command line argument: --add-opens=java.base/java.lang=ALL-UNNAMED
29-Nov-2024 08:47:27.017 INFO [main] org.apache.catalina.startup.VersionLoggerListener.log Command line argument: --add-opens=java.base/java.io=ALL-UNNAMED
29-Nov-2024 08:47:27.017 INFO [main] org.apache.catalina.startup.VersionLoggerListener.log Command line argument: --add-opens=java.base/java.util=ALL-UNNAMED
29-Nov-2024 08:47:27.017 INFO [main] org.apache.catalina.startup.VersionLoggerListener.log Command line argument: --add-opens=java.base/java.util.concurrent=ALL-UNNAMED
29-Nov-2024 08:47:27.017 INFO [main] org.apache.catalina.startup.VersionLoggerListener.log Command line argument: --add-opens=java.rmi/sun.rmi.transport=ALL-UNNAMED
29-Nov-2024 08:47:27.017 INFO [main] org.apache.catalina.startup.VersionLoggerListener.log Command line argument: -Dcatalina.base=C:\Users\rafae\OneDrive\Área de Trabalho\Projeto Web Senac\API\apache-tomcat-10.1.33-windows-x64\apache-tomcat-10.1.33
29-Nov-2024 08:47:27.018 INFO [main] org.apache.catalina.startup.VersionLoggerListener.log Command line argument: -Dcatalina.home=C:\Users\rafae\OneDrive\Área de Trabalho\Projeto Web Senac\API\apache-tomcat-10.1.33-windows-x64\apache-tomcat-10.1.33
29-Nov-2024 08:47:27.018 INFO [main] org.apache.catalina.startup.VersionLoggerListener.log Command line argument: -Djava.io.tmpdir=C:\Users\rafae\OneDrive\Área de Trabalho\Projeto Web Senac\API\apache-tomcat-10.1.33-windows-x64\apache-tomcat-10.1.33\temp
29-Nov-2024 08:47:27.024 INFO [main] org.apache.catalina.core.AprLifecycleListener.lifecycleEvent Loaded Apache Tomcat Native library [2.0.8] using APR version [1.7.4].
29-Nov-2024 08:47:27.106 INFO [main] org.apache.catalina.core.AprLifecycleListener.initializeSSL OpenSSL successfully initialized [OpenSSL 3.0.14 4 Jun 2024]
29-Nov-2024 08:47:27.489 INFO [main] org.apache.coyote.AbstractProtocol.init Initializing ProtocolHandler ["http-nio-8080"]
29-Nov-2024 08:47:27.529 INFO [main] org.apache.catalina.startup.Catalina.load Server initialization in [820] milliseconds
29-Nov-2024 08:47:27.597 INFO [main] org.apache.catalina.core.StandardService.startInternal Starting service [Catalina]
29-Nov-2024 08:47:27.597 INFO [main] org.apache.catalina.core.StandardEngine.startInternal Starting Servlet engine: [Apache Tomcat/10.1.33]
29-Nov-2024 08:47:27.611 INFO [main] org.apache.catalina.startup.HostConfig.deployDescriptor Deploying deployment descriptor [C:\Users\rafae\OneDrive\Área de Trabalho\Projeto Web Senac\API\apache-tomcat-10.1.33-windows-x64\apache-tomcat-10.1.33\conf\Catalina\localhost\ProjetoSenac.xml]
29-Nov-2024 08:47:27.615 WARNING [main] org.apache.catalina.startup.HostConfig.deployDescriptor The path attribute with value [/ProjetoSenac] in deployment descriptor [C:\Users\rafae\OneDrive\Área de Trabalho\Projeto Web Senac\API\apache-tomcat-10.1.33-windows-x64\apache-tomcat-10.1.33\conf\Catalina\localhost\ProjetoSenac.xml] has been ignored
29-Nov-2024 08:47:27.977 INFO [main] org.apache.catalina.startup.HostConfig.deployDescriptor Deployment of deployment descriptor [C:\Users\rafae\OneDrive\Área de Trabalho\Projeto Web Senac\API\apache-tomcat-10.1.33-windows-x64\apache-tomcat-10.1.33\conf\Catalina\localhost\ProjetoSenac.xml] has finished in [361] ms
29-Nov-2024 08:47:27.988 INFO [main] org.apache.catalina.startup.HostConfig.deployDirectory Diretório de instalação da aplicação web [C:\Users\rafae\OneDrive\Área de Trabalho\Projeto Web Senac\API\apache-tomcat-10.1.33-windows-x64\apache-tomcat-10.1.33\webapps\docs]
29-Nov-2024 08:47:28.060 INFO [main] org.apache.catalina.startup.HostConfig.deployDirectory Deployment of web application directory [C:\Users\rafae\OneDrive\Área de Trabalho\Projeto Web Senac\API\apache-tomcat-10.1.33-windows-x64\apache-tomcat-10.1.33\webapps\docs] has finished in [73] ms
29-Nov-2024 08:47:28.060 INFO [main] org.apache.catalina.startup.HostConfig.deployDirectory Diretório de instalação da aplicação web [C:\Users\rafae\OneDrive\Área de Trabalho\Projeto Web Senac\API\apache-tomcat-10.1.33-windows-x64\apache-tomcat-10.1.33\webapps\examples]
29-Nov-2024 08:47:28.726 INFO [main] org.apache.catalina.startup.HostConfig.deployDirectory Deployment of web application directory [C:\Users\rafae\OneDrive\Área de Trabalho\Projeto Web Senac\API\apache-tomcat-10.1.33-windows-x64\apache-tomcat-10.1.33\webapps\examples] has finished in [666] ms
29-Nov-2024 08:47:28.726 INFO [main] org.apache.catalina.startup.HostConfig.deployDirectory Diretório de instalação da aplicação web [C:\Users\rafae\OneDrive\Área de Trabalho\Projeto Web Senac\API\apache-tomcat-10.1.33-windows-x64\apache-tomcat-10.1.33\webapps\host-manager]
29-Nov-2024 08:47:28.802 INFO [main] org.apache.catalina.startup.HostConfig.deployDirectory Deployment of web application directory [C:\Users\rafae\OneDrive\Área de Trabalho\Projeto Web Senac\API\apache-tomcat-10.1.33-windows-x64\apache-tomcat-10.1.33\webapps\host-manager] has finished in [76] ms
29-Nov-2024 08:47:28.802 INFO [main] org.apache.catalina.startup.HostConfig.deployDirectory Diretório de instalação da aplicação web [C:\Users\rafae\OneDrive\Área de Trabalho\Projeto Web Senac\API\apache-tomcat-10.1.33-windows-x64\apache-tomcat-10.1.33\webapps\manager]
29-Nov-2024 08:47:28.855 INFO [main] org.apache.catalina.startup.HostConfig.deployDirectory Deployment of web application directory [C:\Users\rafae\OneDrive\Área de Trabalho\Projeto Web Senac\API\apache-tomcat-10.1.33-windows-x64\apache-tomcat-10.1.33\webapps\manager] has finished in [53] ms
29-Nov-2024 08:47:28.855 INFO [main] org.apache.catalina.startup.HostConfig.deployDirectory Diretório de instalação da aplicação web [C:\Users\rafae\OneDrive\Área de Trabalho\Projeto Web Senac\API\apache-tomcat-10.1.33-windows-x64\apache-tomcat-10.1.33\webapps\ROOT]
29-Nov-2024 08:47:28.905 INFO [main] org.apache.catalina.startup.HostConfig.deployDirectory Deployment of web application directory [C:\Users\rafae\OneDrive\Área de Trabalho\Projeto Web Senac\API\apache-tomcat-10.1.33-windows-x64\apache-tomcat-10.1.33\webapps\ROOT] has finished in [50] ms
29-Nov-2024 08:47:28.924 INFO [main] org.apache.coyote.AbstractProtocol.start Starting ProtocolHandler ["http-nio-8080"]
29-Nov-2024 08:47:28.954 INFO [main] org.apache.catalina.startup.Catalina.start Server startup in [1424] milliseconds
29-Nov-2024 08:53:06.290 INFO [http-nio-8080-exec-3] org.apache.catalina.startup.HostConfig.undeploy Undeploying context [/ProjetoSenac]
29-Nov-2024 08:53:08.333 INFO [http-nio-8080-exec-10] org.apache.catalina.startup.HostConfig.deployDescriptor Deploying deployment descriptor [C:\Users\rafae\OneDrive\Área de Trabalho\Projeto Web Senac\API\apache-tomcat-10.1.33-windows-x64\apache-tomcat-10.1.33\conf\Catalina\localhost\ProjetoSenac.xml]
29-Nov-2024 08:53:08.352 WARNING [http-nio-8080-exec-10] org.apache.catalina.startup.HostConfig.deployDescriptor The path attribute with value [/ProjetoSenac] in deployment descriptor [C:\Users\rafae\OneDrive\Área de Trabalho\Projeto Web Senac\API\apache-tomcat-10.1.33-windows-x64\apache-tomcat-10.1.33\conf\Catalina\localhost\ProjetoSenac.xml] has been ignored
29-Nov-2024 08:53:08.407 INFO [http-nio-8080-exec-10] org.apache.catalina.startup.HostConfig.deployDescriptor Deployment of deployment descriptor [C:\Users\rafae\OneDrive\Área de Trabalho\Projeto Web Senac\API\apache-tomcat-10.1.33-windows-x64\apache-tomcat-10.1.33\conf\Catalina\localhost\ProjetoSenac.xml] has finished in [73] ms
29-Nov-2024 08:53:08.411 INFO [http-nio-8080-exec-11] org.apache.catalina.util.LifecycleBase.start The start() method was called on component [StandardEngine[Catalina].StandardHost[localhost].StandardContext[/ProjetoSenac]] after start() had already been called. The second call will be ignored.
29-Nov-2024 09:49:18.987 INFO [http-nio-8080-exec-12] org.apache.catalina.startup.HostConfig.undeploy Undeploying context [/ProjetoSenac]
29-Nov-2024 09:49:20.409 INFO [http-nio-8080-exec-11] org.apache.catalina.startup.HostConfig.deployDescriptor Deploying deployment descriptor [C:\Users\rafae\OneDrive\Área de Trabalho\Projeto Web Senac\API\apache-tomcat-10.1.33-windows-x64\apache-tomcat-10.1.33\conf\Catalina\localhost\ProjetoSenac.xml]
29-Nov-2024 09:49:20.409 WARNING [http-nio-8080-exec-11] org.apache.catalina.startup.HostConfig.deployDescriptor The path attribute with value [/ProjetoSenac] in deployment descriptor [C:\Users\rafae\OneDrive\Área de Trabalho\Projeto Web Senac\API\apache-tomcat-10.1.33-windows-x64\apache-tomcat-10.1.33\conf\Catalina\localhost\ProjetoSenac.xml] has been ignored
29-Nov-2024 09:49:20.551 INFO [http-nio-8080-exec-11] org.apache.catalina.startup.HostConfig.deployDescriptor Deployment of deployment descriptor [C:\Users\rafae\OneDrive\Área de Trabalho\Projeto Web Senac\API\apache-tomcat-10.1.33-windows-x64\apache-tomcat-10.1.33\conf\Catalina\localhost\ProjetoSenac.xml] has finished in [142] ms
29-Nov-2024 09:49:20.551 INFO [http-nio-8080-exec-14] org.apache.catalina.util.LifecycleBase.start The start() method was called on component [StandardEngine[Catalina].StandardHost[localhost].StandardContext[/ProjetoSenac]] after start() had already been called. The second call will be ignored.
29-Nov-2024 11:02:29.157 INFO [http-nio-8080-exec-26] org.apache.catalina.startup.HostConfig.undeploy Undeploying context [/ProjetoSenac]
29-Nov-2024 11:02:30.726 INFO [http-nio-8080-exec-30] org.apache.catalina.startup.HostConfig.deployDescriptor Deploying deployment descriptor [C:\Users\rafae\OneDrive\Área de Trabalho\Projeto Web Senac\API\apache-tomcat-10.1.33-windows-x64\apache-tomcat-10.1.33\conf\Catalina\localhost\ProjetoSenac.xml]
29-Nov-2024 11:02:30.728 WARNING [http-nio-8080-exec-30] org.apache.catalina.startup.HostConfig.deployDescriptor The path attribute with value [/ProjetoSenac] in deployment descriptor [C:\Users\rafae\OneDrive\Área de Trabalho\Projeto Web Senac\API\apache-tomcat-10.1.33-windows-x64\apache-tomcat-10.1.33\conf\Catalina\localhost\ProjetoSenac.xml] has been ignored
29-Nov-2024 11:02:30.774 INFO [http-nio-8080-exec-30] org.apache.catalina.startup.HostConfig.deployDescriptor Deployment of deployment descriptor [C:\Users\rafae\OneDrive\Área de Trabalho\Projeto Web Senac\API\apache-tomcat-10.1.33-windows-x64\apache-tomcat-10.1.33\conf\Catalina\localhost\ProjetoSenac.xml] has finished in [48] ms
29-Nov-2024 11:02:30.781 INFO [http-nio-8080-exec-22] org.apache.catalina.util.LifecycleBase.start The start() method was called on component [StandardEngine[Catalina].StandardHost[localhost].StandardContext[/ProjetoSenac]] after start() had already been called. The second call will be ignored.
29-Nov-2024 11:47:21.784 INFO [http-nio-8080-exec-33] org.apache.catalina.startup.HostConfig.undeploy Undeploying context [/ProjetoSenac]
29-Nov-2024 11:47:33.978 INFO [http-nio-8080-exec-41] org.apache.catalina.startup.HostConfig.deployDescriptor Deploying deployment descriptor [C:\Users\rafae\OneDrive\Área de Trabalho\Projeto Web Senac\API\apache-tomcat-10.1.33-windows-x64\apache-tomcat-10.1.33\conf\Catalina\localhost\ProjetoSenac.xml]
29-Nov-2024 11:47:33.978 WARNING [http-nio-8080-exec-41] org.apache.catalina.startup.HostConfig.deployDescriptor The path attribute with value [/ProjetoSenac] in deployment descriptor [C:\Users\rafae\OneDrive\Área de Trabalho\Projeto Web Senac\API\apache-tomcat-10.1.33-windows-x64\apache-tomcat-10.1.33\conf\Catalina\localhost\ProjetoSenac.xml] has been ignored
29-Nov-2024 11:47:34.041 INFO [http-nio-8080-exec-41] org.apache.catalina.startup.HostConfig.deployDescriptor Deployment of deployment descriptor [C:\Users\rafae\OneDrive\Área de Trabalho\Projeto Web Senac\API\apache-tomcat-10.1.33-windows-x64\apache-tomcat-10.1.33\conf\Catalina\localhost\ProjetoSenac.xml] has finished in [63] ms
29-Nov-2024 11:47:34.041 INFO [http-nio-8080-exec-43] org.apache.catalina.util.LifecycleBase.start The start() method was called on component [StandardEngine[Catalina].StandardHost[localhost].StandardContext[/ProjetoSenac]] after start() had already been called. The second call will be ignored.
29-Nov-2024 12:24:17.325 INFO [main] org.apache.catalina.core.StandardServer.await A valid shutdown command was received via the shutdown port. Stopping the Server instance.
29-Nov-2024 12:24:17.325 INFO [main] org.apache.coyote.AbstractProtocol.pause Pausing ProtocolHandler ["http-nio-8080"]
29-Nov-2024 12:24:17.330 INFO [main] org.apache.catalina.core.StandardService.stopInternal Stopping service [Catalina]
29-Nov-2024 12:24:17.343 INFO [main] org.apache.coyote.AbstractProtocol.stop Stopping ProtocolHandler ["http-nio-8080"]
29-Nov-2024 12:24:17.363 INFO [main] org.apache.coyote.AbstractProtocol.destroy Destroying ProtocolHandler ["http-nio-8080"]
29-Nov-2024 21:45:45.205 INFO [main] org.apache.catalina.startup.VersionLoggerListener.log Server version name:   Apache Tomcat/10.1.33
29-Nov-2024 21:45:45.213 INFO [main] org.apache.catalina.startup.VersionLoggerListener.log Server built:          Nov 7 2024 22:28:55 UTC
29-Nov-2024 21:45:45.213 INFO [main] org.apache.catalina.startup.VersionLoggerListener.log Server version number: 10.1.33.0
29-Nov-2024 21:45:45.213 INFO [main] org.apache.catalina.startup.VersionLoggerListener.log OS Name:               Windows 11
29-Nov-2024 21:45:45.214 INFO [main] org.apache.catalina.startup.VersionLoggerListener.log OS Version:            10.0
29-Nov-2024 21:45:45.214 INFO [main] org.apache.catalina.startup.VersionLoggerListener.log Architecture:          amd64
29-Nov-2024 21:45:45.215 INFO [main] org.apache.catalina.startup.VersionLoggerListener.log Java Home:             C:\Program Files\Java\jdk-22
29-Nov-2024 21:45:45.215 INFO [main] org.apache.catalina.startup.VersionLoggerListener.log JVM Version:           22.0.1+8-16
29-Nov-2024 21:45:45.215 INFO [main] org.apache.catalina.startup.VersionLoggerListener.log JVM Vendor:            Oracle Corporation
29-Nov-2024 21:45:45.215 INFO [main] org.apache.catalina.startup.VersionLoggerListener.log CATALINA_BASE:         C:\Users\rafae\OneDrive\Área de Trabalho\Projeto Web Senac\API\apache-tomcat-10.1.33-windows-x64\apache-tomcat-10.1.33
29-Nov-2024 21:45:45.215 INFO [main] org.apache.catalina.startup.VersionLoggerListener.log CATALINA_HOME:         C:\Users\rafae\OneDrive\Área de Trabalho\Projeto Web Senac\API\apache-tomcat-10.1.33-windows-x64\apache-tomcat-10.1.33
29-Nov-2024 21:45:45.232 INFO [main] org.apache.catalina.startup.VersionLoggerListener.log Command line argument: -Djava.util.logging.config.file=C:\Users\rafae\OneDrive\Área de Trabalho\Projeto Web Senac\API\apache-tomcat-10.1.33-windows-x64\apache-tomcat-10.1.33\conf\logging.properties
29-Nov-2024 21:45:45.232 INFO [main] org.apache.catalina.startup.VersionLoggerListener.log Command line argument: -Djava.util.logging.manager=org.apache.juli.ClassLoaderLogManager
29-Nov-2024 21:45:45.232 INFO [main] org.apache.catalina.startup.VersionLoggerListener.log Command line argument: -Djdk.tls.ephemeralDHKeySize=2048
29-Nov-2024 21:45:45.232 INFO [main] org.apache.catalina.startup.VersionLoggerListener.log Command line argument: -Djava.protocol.handler.pkgs=org.apache.catalina.webresources
29-Nov-2024 21:45:45.232 INFO [main] org.apache.catalina.startup.VersionLoggerListener.log Command line argument: --add-opens=java.base/java.lang=ALL-UNNAMED
29-Nov-2024 21:45:45.232 INFO [main] org.apache.catalina.startup.VersionLoggerListener.log Command line argument: --add-opens=java.base/java.io=ALL-UNNAMED
29-Nov-2024 21:45:45.232 INFO [main] org.apache.catalina.startup.VersionLoggerListener.log Command line argument: --add-opens=java.base/java.util=ALL-UNNAMED
29-Nov-2024 21:45:45.232 INFO [main] org.apache.catalina.startup.VersionLoggerListener.log Command line argument: --add-opens=java.base/java.util.concurrent=ALL-UNNAMED
29-Nov-2024 21:45:45.232 INFO [main] org.apache.catalina.startup.VersionLoggerListener.log Command line argument: --add-opens=java.rmi/sun.rmi.transport=ALL-UNNAMED
29-Nov-2024 21:45:45.232 INFO [main] org.apache.catalina.startup.VersionLoggerListener.log Command line argument: -Dcatalina.base=C:\Users\rafae\OneDrive\Área de Trabalho\Projeto Web Senac\API\apache-tomcat-10.1.33-windows-x64\apache-tomcat-10.1.33
29-Nov-2024 21:45:45.232 INFO [main] org.apache.catalina.startup.VersionLoggerListener.log Command line argument: -Dcatalina.home=C:\Users\rafae\OneDrive\Área de Trabalho\Projeto Web Senac\API\apache-tomcat-10.1.33-windows-x64\apache-tomcat-10.1.33
29-Nov-2024 21:45:45.232 INFO [main] org.apache.catalina.startup.VersionLoggerListener.log Command line argument: -Djava.io.tmpdir=C:\Users\rafae\OneDrive\Área de Trabalho\Projeto Web Senac\API\apache-tomcat-10.1.33-windows-x64\apache-tomcat-10.1.33\temp
29-Nov-2024 21:45:45.232 INFO [main] org.apache.catalina.core.AprLifecycleListener.lifecycleEvent Loaded Apache Tomcat Native library [2.0.8] using APR version [1.7.4].
29-Nov-2024 21:45:45.251 INFO [main] org.apache.catalina.core.AprLifecycleListener.initializeSSL OpenSSL successfully initialized [OpenSSL 3.0.14 4 Jun 2024]
29-Nov-2024 21:45:45.614 INFO [main] org.apache.coyote.AbstractProtocol.init Initializing ProtocolHandler ["http-nio-8080"]
29-Nov-2024 21:45:45.640 INFO [main] org.apache.catalina.startup.Catalina.load Server initialization in [756] milliseconds
29-Nov-2024 21:45:45.731 INFO [main] org.apache.catalina.core.StandardService.startInternal Starting service [Catalina]
29-Nov-2024 21:45:45.732 INFO [main] org.apache.catalina.core.StandardEngine.startInternal Starting Servlet engine: [Apache Tomcat/10.1.33]
29-Nov-2024 21:45:45.746 INFO [main] org.apache.catalina.startup.HostConfig.deployDescriptor Deploying deployment descriptor [C:\Users\rafae\OneDrive\Área de Trabalho\Projeto Web Senac\API\apache-tomcat-10.1.33-windows-x64\apache-tomcat-10.1.33\conf\Catalina\localhost\ProjetoSenac.xml]
29-Nov-2024 21:45:45.775 WARNING [main] org.apache.catalina.startup.HostConfig.deployDescriptor The path attribute with value [/ProjetoSenac] in deployment descriptor [C:\Users\rafae\OneDrive\Área de Trabalho\Projeto Web Senac\API\apache-tomcat-10.1.33-windows-x64\apache-tomcat-10.1.33\conf\Catalina\localhost\ProjetoSenac.xml] has been ignored
29-Nov-2024 21:45:46.168 INFO [main] org.apache.catalina.startup.HostConfig.deployDescriptor Deployment of deployment descriptor [C:\Users\rafae\OneDrive\Área de Trabalho\Projeto Web Senac\API\apache-tomcat-10.1.33-windows-x64\apache-tomcat-10.1.33\conf\Catalina\localhost\ProjetoSenac.xml] has finished in [420] ms
29-Nov-2024 21:45:46.169 INFO [main] org.apache.catalina.startup.HostConfig.deployDirectory Diretório de instalação da aplicação web [C:\Users\rafae\OneDrive\Área de Trabalho\Projeto Web Senac\API\apache-tomcat-10.1.33-windows-x64\apache-tomcat-10.1.33\webapps\docs]
29-Nov-2024 21:45:46.247 INFO [main] org.apache.catalina.startup.HostConfig.deployDirectory Deployment of web application directory [C:\Users\rafae\OneDrive\Área de Trabalho\Projeto Web Senac\API\apache-tomcat-10.1.33-windows-x64\apache-tomcat-10.1.33\webapps\docs] has finished in [78] ms
29-Nov-2024 21:45:46.248 INFO [main] org.apache.catalina.startup.HostConfig.deployDirectory Diretório de instalação da aplicação web [C:\Users\rafae\OneDrive\Área de Trabalho\Projeto Web Senac\API\apache-tomcat-10.1.33-windows-x64\apache-tomcat-10.1.33\webapps\examples]
29-Nov-2024 21:45:46.852 INFO [main] org.apache.catalina.startup.HostConfig.deployDirectory Deployment of web application directory [C:\Users\rafae\OneDrive\Área de Trabalho\Projeto Web Senac\API\apache-tomcat-10.1.33-windows-x64\apache-tomcat-10.1.33\webapps\examples] has finished in [605] ms
29-Nov-2024 21:45:46.852 INFO [main] org.apache.catalina.startup.HostConfig.deployDirectory Diretório de instalação da aplicação web [C:\Users\rafae\OneDrive\Área de Trabalho\Projeto Web Senac\API\apache-tomcat-10.1.33-windows-x64\apache-tomcat-10.1.33\webapps\host-manager]
29-Nov-2024 21:45:46.948 INFO [main] org.apache.catalina.startup.HostConfig.deployDirectory Deployment of web application directory [C:\Users\rafae\OneDrive\Área de Trabalho\Projeto Web Senac\API\apache-tomcat-10.1.33-windows-x64\apache-tomcat-10.1.33\webapps\host-manager] has finished in [96] ms
29-Nov-2024 21:45:46.948 INFO [main] org.apache.catalina.startup.HostConfig.deployDirectory Diretório de instalação da aplicação web [C:\Users\rafae\OneDrive\Área de Trabalho\Projeto Web Senac\API\apache-tomcat-10.1.33-windows-x64\apache-tomcat-10.1.33\webapps\manager]
29-Nov-2024 21:45:46.991 INFO [main] org.apache.catalina.startup.HostConfig.deployDirectory Deployment of web application directory [C:\Users\rafae\OneDrive\Área de Trabalho\Projeto Web Senac\API\apache-tomcat-10.1.33-windows-x64\apache-tomcat-10.1.33\webapps\manager] has finished in [43] ms
29-Nov-2024 21:45:46.991 INFO [main] org.apache.catalina.startup.HostConfig.deployDirectory Diretório de instalação da aplicação web [C:\Users\rafae\OneDrive\Área de Trabalho\Projeto Web Senac\API\apache-tomcat-10.1.33-windows-x64\apache-tomcat-10.1.33\webapps\ROOT]
29-Nov-2024 21:45:47.028 INFO [main] org.apache.catalina.startup.HostConfig.deployDirectory Deployment of web application directory [C:\Users\rafae\OneDrive\Área de Trabalho\Projeto Web Senac\API\apache-tomcat-10.1.33-windows-x64\apache-tomcat-10.1.33\webapps\ROOT] has finished in [37] ms
29-Nov-2024 21:45:47.035 INFO [main] org.apache.coyote.AbstractProtocol.start Starting ProtocolHandler ["http-nio-8080"]
29-Nov-2024 21:45:47.073 INFO [main] org.apache.catalina.startup.Catalina.start Server startup in [1431] milliseconds
29-Nov-2024 22:02:36.940 INFO [http-nio-8080-exec-6] org.apache.catalina.startup.HostConfig.undeploy Undeploying context [/ProjetoSenac]
29-Nov-2024 22:03:20.724 INFO [http-nio-8080-exec-11] org.apache.catalina.startup.HostConfig.deployDescriptor Deploying deployment descriptor [C:\Users\rafae\OneDrive\Área de Trabalho\Projeto Web Senac\API\apache-tomcat-10.1.33-windows-x64\apache-tomcat-10.1.33\conf\Catalina\localhost\ProjetoSenac.xml]
29-Nov-2024 22:03:20.725 WARNING [http-nio-8080-exec-11] org.apache.catalina.startup.HostConfig.deployDescriptor The path attribute with value [/ProjetoSenac] in deployment descriptor [C:\Users\rafae\OneDrive\Área de Trabalho\Projeto Web Senac\API\apache-tomcat-10.1.33-windows-x64\apache-tomcat-10.1.33\conf\Catalina\localhost\ProjetoSenac.xml] has been ignored
29-Nov-2024 22:03:20.782 INFO [http-nio-8080-exec-11] org.apache.catalina.startup.HostConfig.deployDescriptor Deployment of deployment descriptor [C:\Users\rafae\OneDrive\Área de Trabalho\Projeto Web Senac\API\apache-tomcat-10.1.33-windows-x64\apache-tomcat-10.1.33\conf\Catalina\localhost\ProjetoSenac.xml] has finished in [58] ms
29-Nov-2024 22:03:20.784 INFO [http-nio-8080-exec-12] org.apache.catalina.util.LifecycleBase.start The start() method was called on component [StandardEngine[Catalina].StandardHost[localhost].StandardContext[/ProjetoSenac]] after start() had already been called. The second call will be ignored.
29-Nov-2024 22:04:39.270 INFO [http-nio-8080-exec-17] org.apache.catalina.startup.HostConfig.undeploy Undeploying context [/ProjetoSenac]
29-Nov-2024 22:04:48.509 INFO [main] org.apache.catalina.core.StandardServer.await A valid shutdown command was received via the shutdown port. Stopping the Server instance.
29-Nov-2024 22:04:48.510 INFO [main] org.apache.coyote.AbstractProtocol.pause Pausing ProtocolHandler ["http-nio-8080"]
29-Nov-2024 22:04:48.515 INFO [main] org.apache.catalina.core.StandardService.stopInternal Stopping service [Catalina]
29-Nov-2024 22:04:48.530 INFO [main] org.apache.coyote.AbstractProtocol.stop Stopping ProtocolHandler ["http-nio-8080"]
29-Nov-2024 22:04:48.540 INFO [main] org.apache.coyote.AbstractProtocol.destroy Destroying ProtocolHandler ["http-nio-8080"]
29-Nov-2024 22:04:51.788 INFO [main] org.apache.catalina.startup.VersionLoggerListener.log Server version name:   Apache Tomcat/10.1.33
29-Nov-2024 22:04:51.793 INFO [main] org.apache.catalina.startup.VersionLoggerListener.log Server built:          Nov 7 2024 22:28:55 UTC
29-Nov-2024 22:04:51.793 INFO [main] org.apache.catalina.startup.VersionLoggerListener.log Server version number: 10.1.33.0
29-Nov-2024 22:04:51.793 INFO [main] org.apache.catalina.startup.VersionLoggerListener.log OS Name:               Windows 11
29-Nov-2024 22:04:51.794 INFO [main] org.apache.catalina.startup.VersionLoggerListener.log OS Version:            10.0
29-Nov-2024 22:04:51.794 INFO [main] org.apache.catalina.startup.VersionLoggerListener.log Architecture:          amd64
29-Nov-2024 22:04:51.794 INFO [main] org.apache.catalina.startup.VersionLoggerListener.log Java Home:             C:\Program Files\Java\jdk-22
29-Nov-2024 22:04:51.794 INFO [main] org.apache.catalina.startup.VersionLoggerListener.log JVM Version:           22.0.1+8-16
29-Nov-2024 22:04:51.794 INFO [main] org.apache.catalina.startup.VersionLoggerListener.log JVM Vendor:            Oracle Corporation
29-Nov-2024 22:04:51.794 INFO [main] org.apache.catalina.startup.VersionLoggerListener.log CATALINA_BASE:         C:\Users\rafae\OneDrive\Área de Trabalho\Projeto Web Senac\API\apache-tomcat-10.1.33-windows-x64\apache-tomcat-10.1.33
29-Nov-2024 22:04:51.794 INFO [main] org.apache.catalina.startup.VersionLoggerListener.log CATALINA_HOME:         C:\Users\rafae\OneDrive\Área de Trabalho\Projeto Web Senac\API\apache-tomcat-10.1.33-windows-x64\apache-tomcat-10.1.33
29-Nov-2024 22:04:51.807 INFO [main] org.apache.catalina.startup.VersionLoggerListener.log Command line argument: -Djava.util.logging.config.file=C:\Users\rafae\OneDrive\Área de Trabalho\Projeto Web Senac\API\apache-tomcat-10.1.33-windows-x64\apache-tomcat-10.1.33\conf\logging.properties
29-Nov-2024 22:04:51.807 INFO [main] org.apache.catalina.startup.VersionLoggerListener.log Command line argument: -Djava.util.logging.manager=org.apache.juli.ClassLoaderLogManager
29-Nov-2024 22:04:51.807 INFO [main] org.apache.catalina.startup.VersionLoggerListener.log Command line argument: -Djdk.tls.ephemeralDHKeySize=2048
29-Nov-2024 22:04:51.807 INFO [main] org.apache.catalina.startup.VersionLoggerListener.log Command line argument: -Djava.protocol.handler.pkgs=org.apache.catalina.webresources
29-Nov-2024 22:04:51.807 INFO [main] org.apache.catalina.startup.VersionLoggerListener.log Command line argument: --add-opens=java.base/java.lang=ALL-UNNAMED
29-Nov-2024 22:04:51.807 INFO [main] org.apache.catalina.startup.VersionLoggerListener.log Command line argument: --add-opens=java.base/java.io=ALL-UNNAMED
29-Nov-2024 22:04:51.807 INFO [main] org.apache.catalina.startup.VersionLoggerListener.log Command line argument: --add-opens=java.base/java.util=ALL-UNNAMED
29-Nov-2024 22:04:51.807 INFO [main] org.apache.catalina.startup.VersionLoggerListener.log Command line argument: --add-opens=java.base/java.util.concurrent=ALL-UNNAMED
29-Nov-2024 22:04:51.807 INFO [main] org.apache.catalina.startup.VersionLoggerListener.log Command line argument: --add-opens=java.rmi/sun.rmi.transport=ALL-UNNAMED
29-Nov-2024 22:04:51.807 INFO [main] org.apache.catalina.startup.VersionLoggerListener.log Command line argument: -Dcatalina.base=C:\Users\rafae\OneDrive\Área de Trabalho\Projeto Web Senac\API\apache-tomcat-10.1.33-windows-x64\apache-tomcat-10.1.33
29-Nov-2024 22:04:51.807 INFO [main] org.apache.catalina.startup.VersionLoggerListener.log Command line argument: -Dcatalina.home=C:\Users\rafae\OneDrive\Área de Trabalho\Projeto Web Senac\API\apache-tomcat-10.1.33-windows-x64\apache-tomcat-10.1.33
29-Nov-2024 22:04:51.807 INFO [main] org.apache.catalina.startup.VersionLoggerListener.log Command line argument: -Djava.io.tmpdir=C:\Users\rafae\OneDrive\Área de Trabalho\Projeto Web Senac\API\apache-tomcat-10.1.33-windows-x64\apache-tomcat-10.1.33\temp
29-Nov-2024 22:04:51.807 INFO [main] org.apache.catalina.core.AprLifecycleListener.lifecycleEvent Loaded Apache Tomcat Native library [2.0.8] using APR version [1.7.4].
29-Nov-2024 22:04:51.827 INFO [main] org.apache.catalina.core.AprLifecycleListener.initializeSSL OpenSSL successfully initialized [OpenSSL 3.0.14 4 Jun 2024]
29-Nov-2024 22:04:52.179 INFO [main] org.apache.coyote.AbstractProtocol.init Initializing ProtocolHandler ["http-nio-8080"]
29-Nov-2024 22:04:52.221 INFO [main] org.apache.catalina.startup.Catalina.load Server initialization in [690] milliseconds
29-Nov-2024 22:04:52.284 INFO [main] org.apache.catalina.core.StandardService.startInternal Starting service [Catalina]
29-Nov-2024 22:04:52.284 INFO [main] org.apache.catalina.core.StandardEngine.startInternal Starting Servlet engine: [Apache Tomcat/10.1.33]
29-Nov-2024 22:04:52.298 INFO [main] org.apache.catalina.startup.HostConfig.deployDirectory Diretório de instalação da aplicação web [C:\Users\rafae\OneDrive\Área de Trabalho\Projeto Web Senac\API\apache-tomcat-10.1.33-windows-x64\apache-tomcat-10.1.33\webapps\docs]
29-Nov-2024 22:04:52.698 INFO [main] org.apache.catalina.startup.HostConfig.deployDirectory Deployment of web application directory [C:\Users\rafae\OneDrive\Área de Trabalho\Projeto Web Senac\API\apache-tomcat-10.1.33-windows-x64\apache-tomcat-10.1.33\webapps\docs] has finished in [396] ms
29-Nov-2024 22:04:52.698 INFO [main] org.apache.catalina.startup.HostConfig.deployDirectory Diretório de instalação da aplicação web [C:\Users\rafae\OneDrive\Área de Trabalho\Projeto Web Senac\API\apache-tomcat-10.1.33-windows-x64\apache-tomcat-10.1.33\webapps\examples]
29-Nov-2024 22:04:53.351 INFO [main] org.apache.catalina.startup.HostConfig.deployDirectory Deployment of web application directory [C:\Users\rafae\OneDrive\Área de Trabalho\Projeto Web Senac\API\apache-tomcat-10.1.33-windows-x64\apache-tomcat-10.1.33\webapps\examples] has finished in [652] ms
29-Nov-2024 22:04:53.351 INFO [main] org.apache.catalina.startup.HostConfig.deployDirectory Diretório de instalação da aplicação web [C:\Users\rafae\OneDrive\Área de Trabalho\Projeto Web Senac\API\apache-tomcat-10.1.33-windows-x64\apache-tomcat-10.1.33\webapps\host-manager]
29-Nov-2024 22:04:53.453 INFO [main] org.apache.catalina.startup.HostConfig.deployDirectory Deployment of web application directory [C:\Users\rafae\OneDrive\Área de Trabalho\Projeto Web Senac\API\apache-tomcat-10.1.33-windows-x64\apache-tomcat-10.1.33\webapps\host-manager] has finished in [102] ms
29-Nov-2024 22:04:53.453 INFO [main] org.apache.catalina.startup.HostConfig.deployDirectory Diretório de instalação da aplicação web [C:\Users\rafae\OneDrive\Área de Trabalho\Projeto Web Senac\API\apache-tomcat-10.1.33-windows-x64\apache-tomcat-10.1.33\webapps\manager]
29-Nov-2024 22:04:53.493 INFO [main] org.apache.catalina.startup.HostConfig.deployDirectory Deployment of web application directory [C:\Users\rafae\OneDrive\Área de Trabalho\Projeto Web Senac\API\apache-tomcat-10.1.33-windows-x64\apache-tomcat-10.1.33\webapps\manager] has finished in [40] ms
29-Nov-2024 22:04:53.509 INFO [main] org.apache.catalina.startup.HostConfig.deployDirectory Diretório de instalação da aplicação web [C:\Users\rafae\OneDrive\Área de Trabalho\Projeto Web Senac\API\apache-tomcat-10.1.33-windows-x64\apache-tomcat-10.1.33\webapps\ROOT]
29-Nov-2024 22:04:53.543 INFO [main] org.apache.catalina.startup.HostConfig.deployDirectory Deployment of web application directory [C:\Users\rafae\OneDrive\Área de Trabalho\Projeto Web Senac\API\apache-tomcat-10.1.33-windows-x64\apache-tomcat-10.1.33\webapps\ROOT] has finished in [34] ms
29-Nov-2024 22:04:53.548 INFO [main] org.apache.coyote.AbstractProtocol.start Starting ProtocolHandler ["http-nio-8080"]
29-Nov-2024 22:04:53.563 INFO [main] org.apache.catalina.startup.Catalina.start Server startup in [1353] milliseconds
29-Nov-2024 22:05:21.048 INFO [http-nio-8080-exec-9] org.apache.catalina.startup.HostConfig.deployDescriptor Deploying deployment descriptor [C:\Users\rafae\OneDrive\Área de Trabalho\Projeto Web Senac\API\apache-tomcat-10.1.33-windows-x64\apache-tomcat-10.1.33\conf\Catalina\localhost\ProjetoSenac.xml]
29-Nov-2024 22:05:21.051 WARNING [http-nio-8080-exec-9] org.apache.catalina.startup.HostConfig.deployDescriptor The path attribute with value [/ProjetoSenac] in deployment descriptor [C:\Users\rafae\OneDrive\Área de Trabalho\Projeto Web Senac\API\apache-tomcat-10.1.33-windows-x64\apache-tomcat-10.1.33\conf\Catalina\localhost\ProjetoSenac.xml] has been ignored
29-Nov-2024 22:05:21.104 INFO [http-nio-8080-exec-9] org.apache.catalina.startup.HostConfig.deployDescriptor Deployment of deployment descriptor [C:\Users\rafae\OneDrive\Área de Trabalho\Projeto Web Senac\API\apache-tomcat-10.1.33-windows-x64\apache-tomcat-10.1.33\conf\Catalina\localhost\ProjetoSenac.xml] has finished in [56] ms
29-Nov-2024 22:05:21.120 INFO [http-nio-8080-exec-1] org.apache.catalina.util.LifecycleBase.start The start() method was called on component [StandardEngine[Catalina].StandardHost[localhost].StandardContext[/ProjetoSenac]] after start() had already been called. The second call will be ignored.
