26-Nov-2024 09:38:37.901 INFO [main] org.apache.catalina.startup.VersionLoggerListener.log Server version name:   Apache Tomcat/10.1.33
26-Nov-2024 09:38:37.906 INFO [main] org.apache.catalina.startup.VersionLoggerListener.log Server built:          Nov 7 2024 22:28:55 UTC
26-Nov-2024 09:38:37.906 INFO [main] org.apache.catalina.startup.VersionLoggerListener.log Server version number: 10.1.33.0
26-Nov-2024 09:38:37.907 INFO [main] org.apache.catalina.startup.VersionLoggerListener.log OS Name:               Windows 11
26-Nov-2024 09:38:37.907 INFO [main] org.apache.catalina.startup.VersionLoggerListener.log OS Version:            10.0
26-Nov-2024 09:38:37.907 INFO [main] org.apache.catalina.startup.VersionLoggerListener.log Architecture:          amd64
26-Nov-2024 09:38:37.907 INFO [main] org.apache.catalina.startup.VersionLoggerListener.log Java Home:             C:\Program Files\Java\jdk-22
26-Nov-2024 09:38:37.907 INFO [main] org.apache.catalina.startup.VersionLoggerListener.log JVM Version:           22.0.1+8-16
26-Nov-2024 09:38:37.908 INFO [main] org.apache.catalina.startup.VersionLoggerListener.log JVM Vendor:            Oracle Corporation
26-Nov-2024 09:38:37.909 INFO [main] org.apache.catalina.startup.VersionLoggerListener.log CATALINA_BASE:         C:\Users\rafae\OneDrive\Área de Trabalho\Projeto Web Senac\API\apache-tomcat-10.1.33-windows-x64\apache-tomcat-10.1.33
26-Nov-2024 09:38:37.909 INFO [main] org.apache.catalina.startup.VersionLoggerListener.log CATALINA_HOME:         C:\Users\rafae\OneDrive\Área de Trabalho\Projeto Web Senac\API\apache-tomcat-10.1.33-windows-x64\apache-tomcat-10.1.33
26-Nov-2024 09:38:37.926 INFO [main] org.apache.catalina.startup.VersionLoggerListener.log Command line argument: -Djava.util.logging.config.file=C:\Users\rafae\OneDrive\Área de Trabalho\Projeto Web Senac\API\apache-tomcat-10.1.33-windows-x64\apache-tomcat-10.1.33\conf\logging.properties
26-Nov-2024 09:38:37.926 INFO [main] org.apache.catalina.startup.VersionLoggerListener.log Command line argument: -Djava.util.logging.manager=org.apache.juli.ClassLoaderLogManager
26-Nov-2024 09:38:37.926 INFO [main] org.apache.catalina.startup.VersionLoggerListener.log Command line argument: -Djdk.tls.ephemeralDHKeySize=2048
26-Nov-2024 09:38:37.926 INFO [main] org.apache.catalina.startup.VersionLoggerListener.log Command line argument: -Djava.protocol.handler.pkgs=org.apache.catalina.webresources
26-Nov-2024 09:38:37.927 INFO [main] org.apache.catalina.startup.VersionLoggerListener.log Command line argument: --add-opens=java.base/java.lang=ALL-UNNAMED
26-Nov-2024 09:38:37.927 INFO [main] org.apache.catalina.startup.VersionLoggerListener.log Command line argument: --add-opens=java.base/java.io=ALL-UNNAMED
26-Nov-2024 09:38:37.927 INFO [main] org.apache.catalina.startup.VersionLoggerListener.log Command line argument: --add-opens=java.base/java.util=ALL-UNNAMED
26-Nov-2024 09:38:37.927 INFO [main] org.apache.catalina.startup.VersionLoggerListener.log Command line argument: --add-opens=java.base/java.util.concurrent=ALL-UNNAMED
26-Nov-2024 09:38:37.928 INFO [main] org.apache.catalina.startup.VersionLoggerListener.log Command line argument: --add-opens=java.rmi/sun.rmi.transport=ALL-UNNAMED
26-Nov-2024 09:38:37.928 INFO [main] org.apache.catalina.startup.VersionLoggerListener.log Command line argument: -Dcatalina.base=C:\Users\rafae\OneDrive\Área de Trabalho\Projeto Web Senac\API\apache-tomcat-10.1.33-windows-x64\apache-tomcat-10.1.33
26-Nov-2024 09:38:37.928 INFO [main] org.apache.catalina.startup.VersionLoggerListener.log Command line argument: -Dcatalina.home=C:\Users\rafae\OneDrive\Área de Trabalho\Projeto Web Senac\API\apache-tomcat-10.1.33-windows-x64\apache-tomcat-10.1.33
26-Nov-2024 09:38:37.929 INFO [main] org.apache.catalina.startup.VersionLoggerListener.log Command line argument: -Djava.io.tmpdir=C:\Users\rafae\OneDrive\Área de Trabalho\Projeto Web Senac\API\apache-tomcat-10.1.33-windows-x64\apache-tomcat-10.1.33\temp
26-Nov-2024 09:38:37.932 INFO [main] org.apache.catalina.core.AprLifecycleListener.lifecycleEvent Loaded Apache Tomcat Native library [2.0.8] using APR version [1.7.4].
26-Nov-2024 09:38:37.994 INFO [main] org.apache.catalina.core.AprLifecycleListener.initializeSSL OpenSSL successfully initialized [OpenSSL 3.0.14 4 Jun 2024]
26-Nov-2024 09:38:38.494 INFO [main] org.apache.coyote.AbstractProtocol.init Initializing ProtocolHandler ["http-nio-8080"]
26-Nov-2024 09:38:38.544 INFO [main] org.apache.catalina.startup.Catalina.load Server initialization in [940] milliseconds
26-Nov-2024 09:38:38.642 INFO [main] org.apache.catalina.core.StandardService.startInternal Starting service [Catalina]
26-Nov-2024 09:38:38.642 INFO [main] org.apache.catalina.core.StandardEngine.startInternal Starting Servlet engine: [Apache Tomcat/10.1.33]
26-Nov-2024 09:38:38.658 INFO [main] org.apache.catalina.startup.HostConfig.deployDirectory Diretório de instalação da aplicação web [C:\Users\rafae\OneDrive\Área de Trabalho\Projeto Web Senac\API\apache-tomcat-10.1.33-windows-x64\apache-tomcat-10.1.33\webapps\docs]
26-Nov-2024 09:38:39.055 INFO [main] org.apache.catalina.startup.HostConfig.deployDirectory Deployment of web application directory [C:\Users\rafae\OneDrive\Área de Trabalho\Projeto Web Senac\API\apache-tomcat-10.1.33-windows-x64\apache-tomcat-10.1.33\webapps\docs] has finished in [393] ms
26-Nov-2024 09:38:39.056 INFO [main] org.apache.catalina.startup.HostConfig.deployDirectory Diretório de instalação da aplicação web [C:\Users\rafae\OneDrive\Área de Trabalho\Projeto Web Senac\API\apache-tomcat-10.1.33-windows-x64\apache-tomcat-10.1.33\webapps\examples]
26-Nov-2024 09:38:39.617 INFO [main] org.apache.catalina.startup.HostConfig.deployDirectory Deployment of web application directory [C:\Users\rafae\OneDrive\Área de Trabalho\Projeto Web Senac\API\apache-tomcat-10.1.33-windows-x64\apache-tomcat-10.1.33\webapps\examples] has finished in [561] ms
26-Nov-2024 09:38:39.617 INFO [main] org.apache.catalina.startup.HostConfig.deployDirectory Diretório de instalação da aplicação web [C:\Users\rafae\OneDrive\Área de Trabalho\Projeto Web Senac\API\apache-tomcat-10.1.33-windows-x64\apache-tomcat-10.1.33\webapps\host-manager]
26-Nov-2024 09:38:39.684 INFO [main] org.apache.catalina.startup.HostConfig.deployDirectory Deployment of web application directory [C:\Users\rafae\OneDrive\Área de Trabalho\Projeto Web Senac\API\apache-tomcat-10.1.33-windows-x64\apache-tomcat-10.1.33\webapps\host-manager] has finished in [66] ms
26-Nov-2024 09:38:39.684 INFO [main] org.apache.catalina.startup.HostConfig.deployDirectory Diretório de instalação da aplicação web [C:\Users\rafae\OneDrive\Área de Trabalho\Projeto Web Senac\API\apache-tomcat-10.1.33-windows-x64\apache-tomcat-10.1.33\webapps\manager]
26-Nov-2024 09:38:39.734 INFO [main] org.apache.catalina.startup.HostConfig.deployDirectory Deployment of web application directory [C:\Users\rafae\OneDrive\Área de Trabalho\Projeto Web Senac\API\apache-tomcat-10.1.33-windows-x64\apache-tomcat-10.1.33\webapps\manager] has finished in [50] ms
26-Nov-2024 09:38:39.734 INFO [main] org.apache.catalina.startup.HostConfig.deployDirectory Diretório de instalação da aplicação web [C:\Users\rafae\OneDrive\Área de Trabalho\Projeto Web Senac\API\apache-tomcat-10.1.33-windows-x64\apache-tomcat-10.1.33\webapps\ROOT]
26-Nov-2024 09:38:39.785 INFO [main] org.apache.catalina.startup.HostConfig.deployDirectory Deployment of web application directory [C:\Users\rafae\OneDrive\Área de Trabalho\Projeto Web Senac\API\apache-tomcat-10.1.33-windows-x64\apache-tomcat-10.1.33\webapps\ROOT] has finished in [51] ms
26-Nov-2024 09:38:39.791 INFO [main] org.apache.coyote.AbstractProtocol.start Starting ProtocolHandler ["http-nio-8080"]
26-Nov-2024 09:38:39.830 INFO [main] org.apache.catalina.startup.Catalina.start Server startup in [1283] milliseconds
26-Nov-2024 09:38:57.459 INFO [http-nio-8080-exec-4] org.apache.catalina.startup.HostConfig.deployDescriptor Deploying deployment descriptor [C:\Users\rafae\OneDrive\Área de Trabalho\Projeto Web Senac\API\apache-tomcat-10.1.33-windows-x64\apache-tomcat-10.1.33\conf\Catalina\localhost\ProjetoSenac.xml]
26-Nov-2024 09:38:57.463 WARNING [http-nio-8080-exec-4] org.apache.catalina.startup.HostConfig.deployDescriptor The path attribute with value [/ProjetoSenac] in deployment descriptor [C:\Users\rafae\OneDrive\Área de Trabalho\Projeto Web Senac\API\apache-tomcat-10.1.33-windows-x64\apache-tomcat-10.1.33\conf\Catalina\localhost\ProjetoSenac.xml] has been ignored
26-Nov-2024 09:38:57.505 INFO [http-nio-8080-exec-4] org.apache.catalina.startup.HostConfig.deployDescriptor Deployment of deployment descriptor [C:\Users\rafae\OneDrive\Área de Trabalho\Projeto Web Senac\API\apache-tomcat-10.1.33-windows-x64\apache-tomcat-10.1.33\conf\Catalina\localhost\ProjetoSenac.xml] has finished in [46] ms
26-Nov-2024 09:38:57.527 INFO [http-nio-8080-exec-3] org.apache.catalina.util.LifecycleBase.start The start() method was called on component [StandardEngine[Catalina].StandardHost[localhost].StandardContext[/ProjetoSenac]] after start() had already been called. The second call will be ignored.
26-Nov-2024 10:08:15.092 INFO [http-nio-8080-exec-4] org.apache.catalina.startup.HostConfig.undeploy Undeploying context [/ProjetoSenac]
26-Nov-2024 10:08:16.361 INFO [http-nio-8080-exec-8] org.apache.catalina.startup.HostConfig.deployDescriptor Deploying deployment descriptor [C:\Users\rafae\OneDrive\Área de Trabalho\Projeto Web Senac\API\apache-tomcat-10.1.33-windows-x64\apache-tomcat-10.1.33\conf\Catalina\localhost\ProjetoSenac.xml]
26-Nov-2024 10:08:16.362 WARNING [http-nio-8080-exec-8] org.apache.catalina.startup.HostConfig.deployDescriptor The path attribute with value [/ProjetoSenac] in deployment descriptor [C:\Users\rafae\OneDrive\Área de Trabalho\Projeto Web Senac\API\apache-tomcat-10.1.33-windows-x64\apache-tomcat-10.1.33\conf\Catalina\localhost\ProjetoSenac.xml] has been ignored
26-Nov-2024 10:08:16.401 INFO [http-nio-8080-exec-8] org.apache.catalina.startup.HostConfig.deployDescriptor Deployment of deployment descriptor [C:\Users\rafae\OneDrive\Área de Trabalho\Projeto Web Senac\API\apache-tomcat-10.1.33-windows-x64\apache-tomcat-10.1.33\conf\Catalina\localhost\ProjetoSenac.xml] has finished in [41] ms
26-Nov-2024 10:08:16.404 INFO [http-nio-8080-exec-2] org.apache.catalina.util.LifecycleBase.start The start() method was called on component [StandardEngine[Catalina].StandardHost[localhost].StandardContext[/ProjetoSenac]] after start() had already been called. The second call will be ignored.
26-Nov-2024 10:11:53.584 INFO [http-nio-8080-exec-19] org.apache.catalina.startup.HostConfig.undeploy Undeploying context [/ProjetoSenac]
26-Nov-2024 10:12:09.415 INFO [http-nio-8080-exec-21] org.apache.catalina.startup.HostConfig.deployDescriptor Deploying deployment descriptor [C:\Users\rafae\OneDrive\Área de Trabalho\Projeto Web Senac\API\apache-tomcat-10.1.33-windows-x64\apache-tomcat-10.1.33\conf\Catalina\localhost\ProjetoSenac.xml]
26-Nov-2024 10:12:09.416 WARNING [http-nio-8080-exec-21] org.apache.catalina.startup.HostConfig.deployDescriptor The path attribute with value [/ProjetoSenac] in deployment descriptor [C:\Users\rafae\OneDrive\Área de Trabalho\Projeto Web Senac\API\apache-tomcat-10.1.33-windows-x64\apache-tomcat-10.1.33\conf\Catalina\localhost\ProjetoSenac.xml] has been ignored
26-Nov-2024 10:12:09.442 INFO [http-nio-8080-exec-21] org.apache.catalina.startup.HostConfig.deployDescriptor Deployment of deployment descriptor [C:\Users\rafae\OneDrive\Área de Trabalho\Projeto Web Senac\API\apache-tomcat-10.1.33-windows-x64\apache-tomcat-10.1.33\conf\Catalina\localhost\ProjetoSenac.xml] has finished in [27] ms
26-Nov-2024 10:12:09.449 INFO [http-nio-8080-exec-22] org.apache.catalina.util.LifecycleBase.start The start() method was called on component [StandardEngine[Catalina].StandardHost[localhost].StandardContext[/ProjetoSenac]] after start() had already been called. The second call will be ignored.
26-Nov-2024 10:15:27.208 INFO [http-nio-8080-exec-24] org.apache.catalina.startup.HostConfig.undeploy Undeploying context [/ProjetoSenac]
26-Nov-2024 10:15:36.069 INFO [http-nio-8080-exec-23] org.apache.catalina.startup.HostConfig.deployDescriptor Deploying deployment descriptor [C:\Users\rafae\OneDrive\Área de Trabalho\Projeto Web Senac\API\apache-tomcat-10.1.33-windows-x64\apache-tomcat-10.1.33\conf\Catalina\localhost\ProjetoSenac.xml]
26-Nov-2024 10:15:36.069 WARNING [http-nio-8080-exec-23] org.apache.catalina.startup.HostConfig.deployDescriptor The path attribute with value [/ProjetoSenac] in deployment descriptor [C:\Users\rafae\OneDrive\Área de Trabalho\Projeto Web Senac\API\apache-tomcat-10.1.33-windows-x64\apache-tomcat-10.1.33\conf\Catalina\localhost\ProjetoSenac.xml] has been ignored
26-Nov-2024 10:15:36.107 INFO [http-nio-8080-exec-23] org.apache.catalina.startup.HostConfig.deployDescriptor Deployment of deployment descriptor [C:\Users\rafae\OneDrive\Área de Trabalho\Projeto Web Senac\API\apache-tomcat-10.1.33-windows-x64\apache-tomcat-10.1.33\conf\Catalina\localhost\ProjetoSenac.xml] has finished in [38] ms
26-Nov-2024 10:15:36.113 INFO [http-nio-8080-exec-32] org.apache.catalina.util.LifecycleBase.start The start() method was called on component [StandardEngine[Catalina].StandardHost[localhost].StandardContext[/ProjetoSenac]] after start() had already been called. The second call will be ignored.
26-Nov-2024 10:19:31.439 INFO [http-nio-8080-exec-37] org.apache.catalina.startup.HostConfig.undeploy Undeploying context [/ProjetoSenac]
26-Nov-2024 10:19:34.145 INFO [http-nio-8080-exec-39] org.apache.catalina.startup.HostConfig.deployDescriptor Deploying deployment descriptor [C:\Users\rafae\OneDrive\Área de Trabalho\Projeto Web Senac\API\apache-tomcat-10.1.33-windows-x64\apache-tomcat-10.1.33\conf\Catalina\localhost\ProjetoSenac.xml]
26-Nov-2024 10:19:34.146 WARNING [http-nio-8080-exec-39] org.apache.catalina.startup.HostConfig.deployDescriptor The path attribute with value [/ProjetoSenac] in deployment descriptor [C:\Users\rafae\OneDrive\Área de Trabalho\Projeto Web Senac\API\apache-tomcat-10.1.33-windows-x64\apache-tomcat-10.1.33\conf\Catalina\localhost\ProjetoSenac.xml] has been ignored
26-Nov-2024 10:19:34.167 INFO [http-nio-8080-exec-39] org.apache.catalina.startup.HostConfig.deployDescriptor Deployment of deployment descriptor [C:\Users\rafae\OneDrive\Área de Trabalho\Projeto Web Senac\API\apache-tomcat-10.1.33-windows-x64\apache-tomcat-10.1.33\conf\Catalina\localhost\ProjetoSenac.xml] has finished in [23] ms
26-Nov-2024 10:19:34.177 INFO [http-nio-8080-exec-38] org.apache.catalina.util.LifecycleBase.start The start() method was called on component [StandardEngine[Catalina].StandardHost[localhost].StandardContext[/ProjetoSenac]] after start() had already been called. The second call will be ignored.
26-Nov-2024 10:20:20.637 INFO [http-nio-8080-exec-45] org.apache.catalina.startup.HostConfig.undeploy Undeploying context [/ProjetoSenac]
26-Nov-2024 10:20:21.816 INFO [http-nio-8080-exec-32] org.apache.catalina.startup.HostConfig.deployDescriptor Deploying deployment descriptor [C:\Users\rafae\OneDrive\Área de Trabalho\Projeto Web Senac\API\apache-tomcat-10.1.33-windows-x64\apache-tomcat-10.1.33\conf\Catalina\localhost\ProjetoSenac.xml]
26-Nov-2024 10:20:21.816 WARNING [http-nio-8080-exec-32] org.apache.catalina.startup.HostConfig.deployDescriptor The path attribute with value [/ProjetoSenac] in deployment descriptor [C:\Users\rafae\OneDrive\Área de Trabalho\Projeto Web Senac\API\apache-tomcat-10.1.33-windows-x64\apache-tomcat-10.1.33\conf\Catalina\localhost\ProjetoSenac.xml] has been ignored
26-Nov-2024 10:20:21.986 INFO [http-nio-8080-exec-32] org.apache.catalina.startup.HostConfig.deployDescriptor Deployment of deployment descriptor [C:\Users\rafae\OneDrive\Área de Trabalho\Projeto Web Senac\API\apache-tomcat-10.1.33-windows-x64\apache-tomcat-10.1.33\conf\Catalina\localhost\ProjetoSenac.xml] has finished in [170] ms
26-Nov-2024 10:20:22.001 INFO [http-nio-8080-exec-43] org.apache.catalina.util.LifecycleBase.start The start() method was called on component [StandardEngine[Catalina].StandardHost[localhost].StandardContext[/ProjetoSenac]] after start() had already been called. The second call will be ignored.
26-Nov-2024 10:36:26.728 INFO [http-nio-8080-exec-52] org.apache.catalina.startup.HostConfig.undeploy Undeploying context [/ProjetoSenac]
26-Nov-2024 10:36:27.792 INFO [http-nio-8080-exec-49] org.apache.catalina.startup.HostConfig.deployDescriptor Deploying deployment descriptor [C:\Users\rafae\OneDrive\Área de Trabalho\Projeto Web Senac\API\apache-tomcat-10.1.33-windows-x64\apache-tomcat-10.1.33\conf\Catalina\localhost\ProjetoSenac.xml]
26-Nov-2024 10:36:27.792 WARNING [http-nio-8080-exec-49] org.apache.catalina.startup.HostConfig.deployDescriptor The path attribute with value [/ProjetoSenac] in deployment descriptor [C:\Users\rafae\OneDrive\Área de Trabalho\Projeto Web Senac\API\apache-tomcat-10.1.33-windows-x64\apache-tomcat-10.1.33\conf\Catalina\localhost\ProjetoSenac.xml] has been ignored
26-Nov-2024 10:36:27.833 INFO [http-nio-8080-exec-49] org.apache.catalina.startup.HostConfig.deployDescriptor Deployment of deployment descriptor [C:\Users\rafae\OneDrive\Área de Trabalho\Projeto Web Senac\API\apache-tomcat-10.1.33-windows-x64\apache-tomcat-10.1.33\conf\Catalina\localhost\ProjetoSenac.xml] has finished in [41] ms
26-Nov-2024 10:36:27.836 INFO [http-nio-8080-exec-47] org.apache.catalina.util.LifecycleBase.start The start() method was called on component [StandardEngine[Catalina].StandardHost[localhost].StandardContext[/ProjetoSenac]] after start() had already been called. The second call will be ignored.
26-Nov-2024 10:36:56.113 INFO [main] org.apache.catalina.core.StandardServer.await A valid shutdown command was received via the shutdown port. Stopping the Server instance.
26-Nov-2024 10:36:56.113 INFO [main] org.apache.coyote.AbstractProtocol.pause Pausing ProtocolHandler ["http-nio-8080"]
26-Nov-2024 10:36:56.119 INFO [main] org.apache.catalina.core.StandardService.stopInternal Stopping service [Catalina]
26-Nov-2024 10:36:56.130 INFO [main] org.apache.coyote.AbstractProtocol.stop Stopping ProtocolHandler ["http-nio-8080"]
26-Nov-2024 10:36:56.144 INFO [main] org.apache.coyote.AbstractProtocol.destroy Destroying ProtocolHandler ["http-nio-8080"]
