28-Nov-2024 09:16:54.785 INFO [main] org.apache.catalina.core.ApplicationContext.log ContextListener: contextInitialized()
28-Nov-2024 09:16:54.786 INFO [main] org.apache.catalina.core.ApplicationContext.log SessionListener: contextInitialized()
28-Nov-2024 09:16:54.789 INFO [main] org.apache.catalina.core.ApplicationContext.log ContextListener: attributeAdded('StockTicker', 'async.Stockticker@76a82f33')
28-Nov-2024 09:17:37.926 INFO [main] org.apache.catalina.core.ApplicationContext.log SessionListener: contextDestroyed()
28-Nov-2024 09:17:37.926 INFO [main] org.apache.catalina.core.ApplicationContext.log ContextListener: contextDestroyed()
28-Nov-2024 09:35:10.791 INFO [main] org.apache.catalina.core.ApplicationContext.log ContextListener: contextInitialized()
28-Nov-2024 09:35:10.791 INFO [main] org.apache.catalina.core.ApplicationContext.log SessionListener: contextInitialized()
28-Nov-2024 09:35:10.793 INFO [main] org.apache.catalina.core.ApplicationContext.log ContextListener: attributeAdded('StockTicker', 'async.Stockticker@4a8ab068')
28-Nov-2024 14:35:14.055 INFO [main] org.apache.catalina.core.ApplicationContext.log SessionListener: contextDestroyed()
28-Nov-2024 14:35:14.056 INFO [main] org.apache.catalina.core.ApplicationContext.log ContextListener: contextDestroyed()
28-Nov-2024 22:41:26.184 INFO [main] org.apache.catalina.core.ApplicationContext.log ContextListener: contextInitialized()
28-Nov-2024 22:41:26.184 INFO [main] org.apache.catalina.core.ApplicationContext.log SessionListener: contextInitialized()
28-Nov-2024 22:41:26.186 INFO [main] org.apache.catalina.core.ApplicationContext.log ContextListener: attributeAdded('StockTicker', 'async.Stockticker@4a8ab068')
28-Nov-2024 22:53:55.402 INFO [main] org.apache.catalina.core.ApplicationContext.log SessionListener: contextDestroyed()
28-Nov-2024 22:53:55.402 INFO [main] org.apache.catalina.core.ApplicationContext.log ContextListener: contextDestroyed()
28-Nov-2024 22:54:07.834 INFO [main] org.apache.catalina.core.ApplicationContext.log ContextListener: contextInitialized()
28-Nov-2024 22:54:07.834 INFO [main] org.apache.catalina.core.ApplicationContext.log SessionListener: contextInitialized()
28-Nov-2024 22:54:07.834 INFO [main] org.apache.catalina.core.ApplicationContext.log ContextListener: attributeAdded('StockTicker', 'async.Stockticker@7997b197')
28-Nov-2024 22:56:08.204 INFO [main] org.apache.catalina.core.ApplicationContext.log SessionListener: contextDestroyed()
28-Nov-2024 22:56:08.204 INFO [main] org.apache.catalina.core.ApplicationContext.log ContextListener: contextDestroyed()
28-Nov-2024 22:56:58.737 INFO [main] org.apache.catalina.core.ApplicationContext.log ContextListener: contextInitialized()
28-Nov-2024 22:56:58.737 INFO [main] org.apache.catalina.core.ApplicationContext.log SessionListener: contextInitialized()
28-Nov-2024 22:56:58.739 INFO [main] org.apache.catalina.core.ApplicationContext.log ContextListener: attributeAdded('StockTicker', 'async.Stockticker@4a8ab068')
28-Nov-2024 22:57:47.035 INFO [main] org.apache.catalina.core.ApplicationContext.log SessionListener: contextDestroyed()
28-Nov-2024 22:57:47.035 INFO [main] org.apache.catalina.core.ApplicationContext.log ContextListener: contextDestroyed()
28-Nov-2024 22:58:04.506 INFO [main] org.apache.catalina.core.ApplicationContext.log ContextListener: contextInitialized()
28-Nov-2024 22:58:04.506 INFO [main] org.apache.catalina.core.ApplicationContext.log SessionListener: contextInitialized()
28-Nov-2024 22:58:04.508 INFO [main] org.apache.catalina.core.ApplicationContext.log ContextListener: attributeAdded('StockTicker', 'async.Stockticker@76a82f33')
